<?xml version="1.0" encoding="UTF-8"?>
<!-- Generated by org.testng.reporters.JUnitReportReporter -->
<testsuite skipped="0" hostname="DESKTOP-O709N8R" name="automation.MavenJava.RESTAPITest" tests="2" failures="0" timestamp="2020-12-31T14:36:31 IST" time="0.002" errors="0">
  <testcase name="APILogin" time="0.001" classname="automation.MavenJava.RESTAPITest"/>
  <system-out/>
  <testcase name="APILogout" time="0.001" classname="automation.MavenJava.RESTAPITest"/>
  <system-out/>
</testsuite> <!-- automation.MavenJava.RESTAPITest -->
